*** Using Compiler 'V6.24', folder: 'D:\Keil_v5\ARM\ARMCLANG\Bin'
Rebuild target 'CtrBoard-H7_IMU'
assembling startup_stm32h723xx.s...
compiling stm32h7xx_hal_msp.c...
compiling stm32h7xx_it.c...
compiling gpio.c...
compiling dma.c...
compiling main.c...
compiling spi.c...
compiling stm32h7xx_hal_cortex.c...
compiling stm32h7xx_hal_rcc.c...
compiling stm32h7xx_hal_hsem.c...
compiling stm32h7xx_hal_gpio.c...
compiling stm32h7xx_hal_flash.c...
compiling stm32h7xx_hal_flash_ex.c...
compiling stm32h7xx_hal_dma_ex.c...
compiling stm32h7xx_hal_mdma.c...
compiling stm32h7xx_hal_rcc_ex.c...
compiling stm32h7xx_hal_pwr.c...
compiling stm32h7xx_hal_dma.c...
compiling stm32h7xx_hal_i2c_ex.c...
compiling stm32h7xx_hal.c...
compiling stm32h7xx_hal_pwr_ex.c...
compiling stm32h7xx_hal_spi_ex.c...
compiling stm32h7xx_hal_tim.c...
compiling stm32h7xx_hal_exti.c...
compiling stm32h7xx_hal_tim_ex.c...
compiling system_stm32h7xx.c...
compiling BMI088driver.c...
compiling BMI088Middleware.c...
compiling stm32h7xx_hal_spi.c...
compiling stm32h7xx_hal_i2c.c...
linking...
Program Size: Code=18384 RO-data=800 RW-data=28 ZI-data=2484  
FromELF: creating hex file...
"CtrBoard-H7_IMU\CtrBoard-H7_IMU.axf" - 0 Error(s), 0 Warning(s).
Build Time Elapsed:  00:00:04
